<?xml version="1.0" encoding="UTF-8"?>
<!-- Generated by org.testng.reporters.JUnitReportReporter -->
<testsuite hostname="FBTCDEV3" failures="0" tests="1" name="com.tc_awc.functionaltestcases.AWC_Login" time="9.090" errors="0" timestamp="27 May 2024 12:07:39 GMT" skipped="0">
  <testcase classname="com.tc_awc.functionaltestcases.AWC_Login" name="Incorrect_login" time="9.090"/>
</testsuite> <!-- com.tc_awc.functionaltestcases.AWC_Login -->
